<?xml version="1.0" encoding="UTF-8"?>
<!-- Generated by org.testng.reporters.JUnitXMLReporter -->
<testsuite hostname="TRI-NB1077" failures="1" tests="4" name="testCaculate" time="0.06" errors="0" timestamp="12 Mar 2021 23:53:00 GMT">
  <testcase classname="CalculatorTest" name="testDivison" time="0.004"/>
  <testcase classname="CalculatorTest" name="testEqual" time="0.0"/>
  <testcase classname="CalculatorTest" name="testSubstraction" time="0.002">
    <failure type="java.lang.AssertionError" message="expected [true] but found [false]">
      <![CDATA[java.lang.AssertionError: expected [true] but found [false]
	at CalculatorTest.testSubstraction(CalculatorTest.java:71)
... Removed 31 stack frames]]>
    </failure>
  </testcase> <!-- testSubstraction -->
  <testcase classname="CalculatorTest" name="testSum" time="0.001"/>
</testsuite> <!-- testCaculate -->
